<?xml version="1.0" encoding="UTF-8"?>
<!-- Generated by org.testng.reporters.JUnitReportReporter -->
<testsuite hostname="Smarty" failures="0" tests="1" name="NewTest" time="0.037" errors="0" timestamp="2023-10-23T19:54:39 IST" skipped="0">
  <testcase classname="NewTest" name="f" time="0.037"/>
  <system-out/>
</testsuite> <!-- NewTest -->
